# JRE version: Java(TM) SE Runtime Environment (8.0_60-b27) (build 1.8.0_60-b27)
# Java VM: Java HotSpot(TM) 64-Bit Server VM (25.60-b23 mixed mode windows-amd64 compressed oops)
Heap:
 PSYoungGen      total 233472K, used 188834K [0x00000000d5e00000, 0x00000000e4d00000, 0x0000000100000000)
  eden space 222208K, 84% used [0x00000000d5e00000,0x00000000e1668a18,0x00000000e3700000)
  from space 11264K, 0% used [0x00000000e3700000,0x00000000e3700000,0x00000000e4200000)
  to   space 11264K, 0% used [0x00000000e4200000,0x00000000e4200000,0x00000000e4d00000)
 ParOldGen       total 102400K, used 27233K [0x0000000081a00000, 0x0000000087e00000, 0x00000000d5e00000)
  object space 102400K, 26% used [0x0000000081a00000,0x0000000083498428,0x0000000087e00000)
 Metaspace       used 56748K, capacity 59556K, committed 59648K, reserved 1101824K
  class space    used 6787K, capacity 7332K, committed 7424K, reserved 1048576K
GC Heap History (10 events):
Event: 1191.208 GC heap before
{Heap before GC invocations=38 (full 15):
 PSYoungGen      total 226304K, used 3864K [0x00000000d5e00000, 0x00000000e4e00000, 0x0000000100000000)
  eden space 222208K, 0% used [0x00000000d5e00000,0x00000000d5e00000,0x00000000e3700000)
  from space 4096K, 94% used [0x00000000e3700000,0x00000000e3ac60d8,0x00000000e3b00000)
  to   space 11776K, 0% used [0x00000000e4280000,0x00000000e4280000,0x00000000e4e00000)
 ParOldGen       total 102400K, used 26376K [0x0000000081a00000, 0x0000000087e00000, 0x00000000d5e00000)
  object space 102400K, 25% used [0x0000000081a00000,0x00000000833c2220,0x0000000087e00000)
 Metaspace       used 53872K, capacity 55122K, committed 55424K, reserved 1097728K
  class space    used 6424K, capacity 6678K, committed 6784K, reserved 1048576K
Event: 1191.324 GC heap after
Heap after GC invocations=38 (full 15):
 PSYoungGen      total 226304K, used 0K [0x00000000d5e00000, 0x00000000e4e00000, 0x0000000100000000)
  eden space 222208K, 0% used [0x00000000d5e00000,0x00000000d5e00000,0x00000000e3700000)
  from space 4096K, 0% used [0x00000000e3700000,0x00000000e3700000,0x00000000e3b00000)
  to   space 11776K, 0% used [0x00000000e4280000,0x00000000e4280000,0x00000000e4e00000)
 ParOldGen       total 102400K, used 26654K [0x0000000081a00000, 0x0000000087e00000, 0x00000000d5e00000)
  object space 102400K, 26% used [0x0000000081a00000,0x00000000834079a0,0x0000000087e00000)
 Metaspace       used 53847K, capacity 55080K, committed 55424K, reserved 1097728K
  class space    used 6420K, capacity 6670K, committed 6784K, reserved 1048576K
}
Event: 1205.617 GC heap before
{Heap before GC invocations=39 (full 15):
 PSYoungGen      total 226304K, used 191367K [0x00000000d5e00000, 0x00000000e4e00000, 0x0000000100000000)
  eden space 222208K, 86% used [0x00000000d5e00000,0x00000000e18e1da0,0x00000000e3700000)
  from space 4096K, 0% used [0x00000000e3700000,0x00000000e3700000,0x00000000e3b00000)
  to   space 11776K, 0% used [0x00000000e4280000,0x00000000e4280000,0x00000000e4e00000)
 ParOldGen       total 102400K, used 26654K [0x0000000081a00000, 0x0000000087e00000, 0x00000000d5e00000)
  object space 102400K, 26% used [0x0000000081a00000,0x00000000834079a0,0x0000000087e00000)
 Metaspace       used 54418K, capacity 55786K, committed 55936K, reserved 1097728K
  class space    used 6467K, capacity 6750K, committed 6784K, reserved 1048576K
Event: 1205.622 GC heap after
Heap after GC invocations=39 (full 15):
 PSYoungGen      total 232960K, used 3857K [0x00000000d5e00000, 0x00000000e4d00000, 0x0000000100000000)
  eden space 222208K, 0% used [0x00000000d5e00000,0x00000000d5e00000,0x00000000e3700000)
  from space 10752K, 35% used [0x00000000e4280000,0x00000000e46444e0,0x00000000e4d00000)
  to   space 11264K, 0% used [0x00000000e3700000,0x00000000e3700000,0x00000000e4200000)
 ParOldGen       total 102400K, used 26654K [0x0000000081a00000, 0x0000000087e00000, 0x00000000d5e00000)
  object space 102400K, 26% used [0x0000000081a00000,0x00000000834079a0,0x0000000087e00000)
 Metaspace       used 54418K, capacity 55786K, committed 55936K, reserved 1097728K
  class space    used 6467K, capacity 6750K, committed 6784K, reserved 1048576K
}
Event: 1205.622 GC heap before
{Heap before GC invocations=40 (full 16):
 PSYoungGen      total 232960K, used 3857K [0x00000000d5e00000, 0x00000000e4d00000, 0x0000000100000000)
  eden space 222208K, 0% used [0x00000000d5e00000,0x00000000d5e00000,0x00000000e3700000)
  from space 10752K, 35% used [0x00000000e4280000,0x00000000e46444e0,0x00000000e4d00000)
  to   space 11264K, 0% used [0x00000000e3700000,0x00000000e3700000,0x00000000e4200000)
 ParOldGen       total 102400K, used 26654K [0x0000000081a00000, 0x0000000087e00000, 0x00000000d5e00000)
  object space 102400K, 26% used [0x0000000081a00000,0x00000000834079a0,0x0000000087e00000)
 Metaspace       used 54418K, capacity 55786K, committed 55936K, reserved 1097728K
  class space    used 6467K, capacity 6750K, committed 6784K, reserved 1048576K
Event: 1205.779 GC heap after
Heap after GC invocations=40 (full 16):
 PSYoungGen      total 232960K, used 0K [0x00000000d5e00000, 0x00000000e4d00000, 0x0000000100000000)
  eden space 222208K, 0% used [0x00000000d5e00000,0x00000000d5e00000,0x00000000e3700000)
  from space 10752K, 0% used [0x00000000e4280000,0x00000000e4280000,0x00000000e4d00000)
  to   space 11264K, 0% used [0x00000000e3700000,0x00000000e3700000,0x00000000e4200000)
 ParOldGen       total 102400K, used 26935K [0x0000000081a00000, 0x0000000087e00000, 0x00000000d5e00000)
  object space 102400K, 26% used [0x0000000081a00000,0x000000008344dd40,0x0000000087e00000)
 Metaspace       used 54392K, capacity 55744K, committed 55936K, reserved 1097728K
  class space    used 6463K, capacity 6742K, committed 6784K, reserved 1048576K
}
Event: 1221.090 GC heap before
{Heap before GC invocations=41 (full 16):
 PSYoungGen      total 232960K, used 188845K [0x00000000d5e00000, 0x00000000e4d00000, 0x0000000100000000)
  eden space 222208K, 84% used [0x00000000d5e00000,0x00000000e166b530,0x00000000e3700000)
  from space 10752K, 0% used [0x00000000e4280000,0x00000000e4280000,0x00000000e4d00000)
  to   space 11264K, 0% used [0x00000000e3700000,0x00000000e3700000,0x00000000e4200000)
 ParOldGen       total 102400K, used 26935K [0x0000000081a00000, 0x0000000087e00000, 0x00000000d5e00000)
  object space 102400K, 26% used [0x0000000081a00000,0x000000008344dd40,0x0000000087e00000)
 Metaspace       used 54974K, capacity 56468K, committed 56576K, reserved 1099776K
  class space    used 6520K, capacity 6873K, committed 6912K, reserved 1048576K
Event: 1221.095 GC heap after
Heap after GC invocations=41 (full 16):
 PSYoungGen      total 233472K, used 3889K [0x00000000d5e00000, 0x00000000e4d00000, 0x0000000100000000)
  eden space 222208K, 0% used [0x00000000d5e00000,0x00000000d5e00000,0x00000000e3700000)
  from space 11264K, 34% used [0x00000000e3700000,0x00000000e3acc4e0,0x00000000e4200000)
  to   space 11264K, 0% used [0x00000000e4200000,0x00000000e4200000,0x00000000e4d00000)
 ParOldGen       total 102400K, used 26943K [0x0000000081a00000, 0x0000000087e00000, 0x00000000d5e00000)
  object space 102400K, 26% used [0x0000000081a00000,0x000000008344fd40,0x0000000087e00000)
 Metaspace       used 54974K, capacity 56468K, committed 56576K, reserved 1099776K
  class space    used 6520K, capacity 6873K, committed 6912K, reserved 1048576K
}
Event: 1221.095 GC heap before
{Heap before GC invocations=42 (full 17):
 PSYoungGen      total 233472K, used 3889K [0x00000000d5e00000, 0x00000000e4d00000, 0x0000000100000000)
  eden space 222208K, 0% used [0x00000000d5e00000,0x00000000d5e00000,0x00000000e3700000)
  from space 11264K, 34% used [0x00000000e3700000,0x00000000e3acc4e0,0x00000000e4200000)
  to   space 11264K, 0% used [0x00000000e4200000,0x00000000e4200000,0x00000000e4d00000)
 ParOldGen       total 102400K, used 26943K [0x0000000081a00000, 0x0000000087e00000, 0x00000000d5e00000)
  object space 102400K, 26% used [0x0000000081a00000,0x000000008344fd40,0x0000000087e00000)
 Metaspace       used 54974K, capacity 56468K, committed 56576K, reserved 1099776K
  class space    used 6520K, capacity 6873K, committed 6912K, reserved 1048576K
Event: 1221.213 GC heap after
Heap after GC invocations=42 (full 17):
 PSYoungGen      total 233472K, used 0K [0x00000000d5e00000, 0x00000000e4d00000, 0x0000000100000000)
  eden space 222208K, 0% used [0x00000000d5e00000,0x00000000d5e00000,0x00000000e3700000)
  from space 11264K, 0% used [0x00000000e3700000,0x00000000e3700000,0x00000000e4200000)
  to   space 11264K, 0% used [0x00000000e4200000,0x00000000e4200000,0x00000000e4d00000)
 ParOldGen       total 102400K, used 27233K [0x0000000081a00000, 0x0000000087e00000, 0x00000000d5e00000)
  object space 102400K, 26% used [0x0000000081a00000,0x0000000083498428,0x0000000087e00000)
 Metaspace       used 54948K, capacity 56426K, committed 56576K, reserved 1099776K
  class space    used 6516K, capacity 6865K, committed 6912K, reserved 1048576K
}

