# JRE version: Java(TM) SE Runtime Environment (8.0_60-b27) (build 1.8.0_60-b27)
# Java VM: Java HotSpot(TM) 64-Bit Server VM (25.60-b23 mixed mode windows-amd64 compressed oops)
Heap:
 PSYoungGen      total 465408K, used 190267K [0x00000000d5e00000, 0x0000000100000000, 0x0000000100000000)
  eden space 236544K, 80% used [0x00000000d5e00000,0x00000000e17cef88,0x00000000e4500000)
  from space 228864K, 0% used [0x00000000f2080000,0x00000000f2080000,0x0000000100000000)
  to   space 224768K, 0% used [0x00000000e4500000,0x00000000e4500000,0x00000000f2080000)
 ParOldGen       total 472576K, used 28158K [0x0000000081a00000, 0x000000009e780000, 0x00000000d5e00000)
  object space 472576K, 5% used [0x0000000081a00000,0x000000008357fb58,0x000000009e780000)
 Metaspace       used 53022K, capacity 53936K, committed 54144K, reserved 1097728K
  class space    used 6595K, capacity 6771K, committed 6784K, reserved 1048576K
GC Heap History (10 events):
Event: 167.265 GC heap before
{Heap before GC invocations=34 (full 6):
 PSYoungGen      total 432128K, used 432025K [0x00000000d5e00000, 0x0000000100000000, 0x0000000100000000)
  eden space 286720K, 100% used [0x00000000d5e00000,0x00000000e7600000,0x00000000e7600000)
  from space 145408K, 99% used [0x00000000e7600000,0x00000000f03e6660,0x00000000f0400000)
  to   space 217600K, 0% used [0x00000000f2b80000,0x00000000f2b80000,0x0000000100000000)
 ParOldGen       total 472576K, used 100439K [0x0000000081a00000, 0x000000009e780000, 0x00000000d5e00000)
  object space 472576K, 21% used [0x0000000081a00000,0x0000000087c15eb8,0x000000009e780000)
 Metaspace       used 51777K, capacity 52470K, committed 52736K, reserved 1095680K
  class space    used 6504K, capacity 6645K, committed 6656K, reserved 1048576K
Event: 167.438 GC heap after
Heap after GC invocations=34 (full 6):
 PSYoungGen      total 448000K, used 145353K [0x00000000d5e00000, 0x0000000100000000, 0x0000000100000000)
  eden space 230400K, 0% used [0x00000000d5e00000,0x00000000d5e00000,0x00000000e3f00000)
  from space 217600K, 66% used [0x00000000f2b80000,0x00000000fb972680,0x0000000100000000)
  to   space 229888K, 0% used [0x00000000e3f00000,0x00000000e3f00000,0x00000000f1f80000)
 ParOldGen       total 472576K, used 100439K [0x0000000081a00000, 0x000000009e780000, 0x00000000d5e00000)
  object space 472576K, 21% used [0x0000000081a00000,0x0000000087c15eb8,0x000000009e780000)
 Metaspace       used 51777K, capacity 52470K, committed 52736K, reserved 1095680K
  class space    used 6504K, capacity 6645K, committed 6656K, reserved 1048576K
}
Event: 364.136 GC heap before
{Heap before GC invocations=35 (full 6):
 PSYoungGen      total 448000K, used 316273K [0x00000000d5e00000, 0x0000000100000000, 0x0000000100000000)
  eden space 230400K, 74% used [0x00000000d5e00000,0x00000000e04e9dd8,0x00000000e3f00000)
  from space 217600K, 66% used [0x00000000f2b80000,0x00000000fb972680,0x0000000100000000)
  to   space 229888K, 0% used [0x00000000e3f00000,0x00000000e3f00000,0x00000000f1f80000)
 ParOldGen       total 472576K, used 100439K [0x0000000081a00000, 0x000000009e780000, 0x00000000d5e00000)
  object space 472576K, 21% used [0x0000000081a00000,0x0000000087c15eb8,0x000000009e780000)
 Metaspace       used 51822K, capacity 52484K, committed 52736K, reserved 1095680K
  class space    used 6507K, capacity 6649K, committed 6656K, reserved 1048576K
Event: 364.229 GC heap after
Heap after GC invocations=35 (full 6):
 PSYoungGen      total 460288K, used 1024K [0x00000000d5e00000, 0x0000000100000000, 0x0000000100000000)
  eden space 230400K, 0% used [0x00000000d5e00000,0x00000000d5e00000,0x00000000e3f00000)
  from space 229888K, 0% used [0x00000000e3f00000,0x00000000e4000000,0x00000000f1f80000)
  to   space 228864K, 0% used [0x00000000f2080000,0x00000000f2080000,0x0000000100000000)
 ParOldGen       total 472576K, used 178673K [0x0000000081a00000, 0x000000009e780000, 0x00000000d5e00000)
  object space 472576K, 37% used [0x0000000081a00000,0x000000008c87c540,0x000000009e780000)
 Metaspace       used 51822K, capacity 52484K, committed 52736K, reserved 1095680K
  class space    used 6507K, capacity 6649K, committed 6656K, reserved 1048576K
}
Event: 364.229 GC heap before
{Heap before GC invocations=36 (full 7):
 PSYoungGen      total 460288K, used 1024K [0x00000000d5e00000, 0x0000000100000000, 0x0000000100000000)
  eden space 230400K, 0% used [0x00000000d5e00000,0x00000000d5e00000,0x00000000e3f00000)
  from space 229888K, 0% used [0x00000000e3f00000,0x00000000e4000000,0x00000000f1f80000)
  to   space 228864K, 0% used [0x00000000f2080000,0x00000000f2080000,0x0000000100000000)
 ParOldGen       total 472576K, used 178673K [0x0000000081a00000, 0x000000009e780000, 0x00000000d5e00000)
  object space 472576K, 37% used [0x0000000081a00000,0x000000008c87c540,0x000000009e780000)
 Metaspace       used 51822K, capacity 52484K, committed 52736K, reserved 1095680K
  class space    used 6507K, capacity 6649K, committed 6656K, reserved 1048576K
Event: 364.490 GC heap after
Heap after GC invocations=36 (full 7):
 PSYoungGen      total 460288K, used 0K [0x00000000d5e00000, 0x0000000100000000, 0x0000000100000000)
  eden space 230400K, 0% used [0x00000000d5e00000,0x00000000d5e00000,0x00000000e3f00000)
  from space 229888K, 0% used [0x00000000e3f00000,0x00000000e3f00000,0x00000000f1f80000)
  to   space 228864K, 0% used [0x00000000f2080000,0x00000000f2080000,0x0000000100000000)
 ParOldGen       total 472576K, used 26535K [0x0000000081a00000, 0x000000009e780000, 0x00000000d5e00000)
  object space 472576K, 5% used [0x0000000081a00000,0x00000000833e9ed8,0x000000009e780000)
 Metaspace       used 51803K, capacity 52454K, committed 52736K, reserved 1095680K
  class space    used 6504K, capacity 6644K, committed 6656K, reserved 1048576K
}
Event: 373.599 GC heap before
{Heap before GC invocations=37 (full 7):
 PSYoungGen      total 460288K, used 192826K [0x00000000d5e00000, 0x0000000100000000, 0x0000000100000000)
  eden space 230400K, 83% used [0x00000000d5e00000,0x00000000e1a4e8a8,0x00000000e3f00000)
  from space 229888K, 0% used [0x00000000e3f00000,0x00000000e3f00000,0x00000000f1f80000)
  to   space 228864K, 0% used [0x00000000f2080000,0x00000000f2080000,0x0000000100000000)
 ParOldGen       total 472576K, used 26535K [0x0000000081a00000, 0x000000009e780000, 0x00000000d5e00000)
  object space 472576K, 5% used [0x0000000081a00000,0x00000000833e9ed8,0x000000009e780000)
 Metaspace       used 52420K, capacity 53174K, committed 53376K, reserved 1095680K
  class space    used 6557K, capacity 6721K, committed 6784K, reserved 1048576K
Event: 373.604 GC heap after
Heap after GC invocations=37 (full 7):
 PSYoungGen      total 465408K, used 3808K [0x00000000d5e00000, 0x0000000100000000, 0x0000000100000000)
  eden space 236544K, 0% used [0x00000000d5e00000,0x00000000d5e00000,0x00000000e4500000)
  from space 228864K, 1% used [0x00000000f2080000,0x00000000f2438118,0x0000000100000000)
  to   space 224768K, 0% used [0x00000000e4500000,0x00000000e4500000,0x00000000f2080000)
 ParOldGen       total 472576K, used 26543K [0x0000000081a00000, 0x000000009e780000, 0x00000000d5e00000)
  object space 472576K, 5% used [0x0000000081a00000,0x00000000833ebed8,0x000000009e780000)
 Metaspace       used 52420K, capacity 53174K, committed 53376K, reserved 1095680K
  class space    used 6557K, capacity 6721K, committed 6784K, reserved 1048576K
}
Event: 373.604 GC heap before
{Heap before GC invocations=38 (full 8):
 PSYoungGen      total 465408K, used 3808K [0x00000000d5e00000, 0x0000000100000000, 0x0000000100000000)
  eden space 236544K, 0% used [0x00000000d5e00000,0x00000000d5e00000,0x00000000e4500000)
  from space 228864K, 1% used [0x00000000f2080000,0x00000000f2438118,0x0000000100000000)
  to   space 224768K, 0% used [0x00000000e4500000,0x00000000e4500000,0x00000000f2080000)
 ParOldGen       total 472576K, used 26543K [0x0000000081a00000, 0x000000009e780000, 0x00000000d5e00000)
  object space 472576K, 5% used [0x0000000081a00000,0x00000000833ebed8,0x000000009e780000)
 Metaspace       used 52420K, capacity 53174K, committed 53376K, reserved 1095680K
  class space    used 6557K, capacity 6721K, committed 6784K, reserved 1048576K
Event: 373.782 GC heap after
Heap after GC invocations=38 (full 8):
 PSYoungGen      total 465408K, used 0K [0x00000000d5e00000, 0x0000000100000000, 0x0000000100000000)
  eden space 236544K, 0% used [0x00000000d5e00000,0x00000000d5e00000,0x00000000e4500000)
  from space 228864K, 0% used [0x00000000f2080000,0x00000000f2080000,0x0000000100000000)
  to   space 224768K, 0% used [0x00000000e4500000,0x00000000e4500000,0x00000000f2080000)
 ParOldGen       total 472576K, used 28158K [0x0000000081a00000, 0x000000009e780000, 0x00000000d5e00000)
  object space 472576K, 5% used [0x0000000081a00000,0x000000008357fb58,0x000000009e780000)
 Metaspace       used 52399K, capacity 53138K, committed 53376K, reserved 1095680K
  class space    used 6554K, capacity 6714K, committed 6784K, reserved 1048576K
}

