# JRE version: Java(TM) SE Runtime Environment (8.0_60-b27) (build 1.8.0_60-b27)
# Java VM: Java HotSpot(TM) 64-Bit Server VM (25.60-b23 mixed mode windows-amd64 compressed oops)
Heap:
 PSYoungGen      total 244224K, used 189299K [0x00000000d5e00000, 0x00000000ebc80000, 0x0000000100000000)
  eden space 229376K, 76% used [0x00000000d5e00000,0x00000000e0861480,0x00000000e3e00000)
  from space 14848K, 99% used [0x00000000e3e00000,0x00000000e4c7ba08,0x00000000e4c80000)
  to   space 18432K, 0% used [0x00000000eaa80000,0x00000000eaa80000,0x00000000ebc80000)
 ParOldGen       total 80896K, used 26192K [0x0000000081a00000, 0x0000000086900000, 0x00000000d5e00000)
  object space 80896K, 32% used [0x0000000081a00000,0x0000000083394200,0x0000000086900000)
 Metaspace       used 51637K, capacity 52314K, committed 52608K, reserved 1095680K
  class space    used 6509K, capacity 6668K, committed 6784K, reserved 1048576K
GC Heap History (10 events):
Event: 2.572 GC heap before
{Heap before GC invocations=7 (full 1):
 PSYoungGen      total 144896K, used 6395K [0x00000000d5e00000, 0x00000000df800000, 0x0000000100000000)
  eden space 133120K, 0% used [0x00000000d5e00000,0x00000000d5e00000,0x00000000de000000)
  from space 11776K, 54% used [0x00000000dec80000,0x00000000df2becf0,0x00000000df800000)
  to   space 12288K, 0% used [0x00000000de000000,0x00000000de000000,0x00000000dec00000)
 ParOldGen       total 87552K, used 13108K [0x0000000081a00000, 0x0000000086f80000, 0x00000000d5e00000)
  object space 87552K, 14% used [0x0000000081a00000,0x00000000826cd188,0x0000000086f80000)
 Metaspace       used 20886K, capacity 21160K, committed 21296K, reserved 1069056K
  class space    used 2553K, capacity 2657K, committed 2688K, reserved 1048576K
Event: 2.679 GC heap after
Heap after GC invocations=7 (full 1):
 PSYoungGen      total 144896K, used 0K [0x00000000d5e00000, 0x00000000df800000, 0x0000000100000000)
  eden space 133120K, 0% used [0x00000000d5e00000,0x00000000d5e00000,0x00000000de000000)
  from space 11776K, 0% used [0x00000000dec80000,0x00000000dec80000,0x00000000df800000)
  to   space 12288K, 0% used [0x00000000de000000,0x00000000de000000,0x00000000dec00000)
 ParOldGen       total 58368K, used 10389K [0x0000000081a00000, 0x0000000085300000, 0x00000000d5e00000)
  object space 58368K, 17% used [0x0000000081a00000,0x0000000082425628,0x0000000085300000)
 Metaspace       used 20886K, capacity 21160K, committed 21296K, reserved 1069056K
  class space    used 2553K, capacity 2657K, committed 2688K, reserved 1048576K
}
Event: 4.773 GC heap before
{Heap before GC invocations=8 (full 1):
 PSYoungGen      total 144896K, used 133089K [0x00000000d5e00000, 0x00000000df800000, 0x0000000100000000)
  eden space 133120K, 99% used [0x00000000d5e00000,0x00000000ddff8680,0x00000000de000000)
  from space 11776K, 0% used [0x00000000dec80000,0x00000000dec80000,0x00000000df800000)
  to   space 12288K, 0% used [0x00000000de000000,0x00000000de000000,0x00000000dec00000)
 ParOldGen       total 58368K, used 10389K [0x0000000081a00000, 0x0000000085300000, 0x00000000d5e00000)
  object space 58368K, 17% used [0x0000000081a00000,0x0000000082425628,0x0000000085300000)
 Metaspace       used 27665K, capacity 27988K, committed 28160K, reserved 1073152K
  class space    used 3406K, capacity 3507K, committed 3584K, reserved 1048576K
Event: 4.809 GC heap after
Heap after GC invocations=8 (full 1):
 PSYoungGen      total 145408K, used 9877K [0x00000000d5e00000, 0x00000000e5b00000, 0x0000000100000000)
  eden space 133120K, 0% used [0x00000000d5e00000,0x00000000d5e00000,0x00000000de000000)
  from space 12288K, 80% used [0x00000000de000000,0x00000000de9a5600,0x00000000dec00000)
  to   space 12800K, 0% used [0x00000000e4e80000,0x00000000e4e80000,0x00000000e5b00000)
 ParOldGen       total 58368K, used 10397K [0x0000000081a00000, 0x0000000085300000, 0x00000000d5e00000)
  object space 58368K, 17% used [0x0000000081a00000,0x0000000082427628,0x0000000085300000)
 Metaspace       used 27665K, capacity 27988K, committed 28160K, reserved 1073152K
  class space    used 3406K, capacity 3507K, committed 3584K, reserved 1048576K
}
Event: 6.308 GC heap before
{Heap before GC invocations=9 (full 1):
 PSYoungGen      total 145408K, used 130027K [0x00000000d5e00000, 0x00000000e5b00000, 0x0000000100000000)
  eden space 133120K, 90% used [0x00000000d5e00000,0x00000000dd3559a8,0x00000000de000000)
  from space 12288K, 80% used [0x00000000de000000,0x00000000de9a5600,0x00000000dec00000)
  to   space 12800K, 0% used [0x00000000e4e80000,0x00000000e4e80000,0x00000000e5b00000)
 ParOldGen       total 58368K, used 10397K [0x0000000081a00000, 0x0000000085300000, 0x00000000d5e00000)
  object space 58368K, 17% used [0x0000000081a00000,0x0000000082427628,0x0000000085300000)
 Metaspace       used 34887K, capacity 35262K, committed 35456K, reserved 1081344K
  class space    used 4304K, capacity 4410K, committed 4480K, reserved 1048576K
Event: 6.320 GC heap after
Heap after GC invocations=9 (full 1):
 PSYoungGen      total 239616K, used 12784K [0x00000000d5e00000, 0x00000000e5b00000, 0x0000000100000000)
  eden space 226816K, 0% used [0x00000000d5e00000,0x00000000d5e00000,0x00000000e3b80000)
  from space 12800K, 99% used [0x00000000e4e80000,0x00000000e5afc330,0x00000000e5b00000)
  to   space 14848K, 0% used [0x00000000e3e00000,0x00000000e3e00000,0x00000000e4c80000)
 ParOldGen       total 58368K, used 11273K [0x0000000081a00000, 0x0000000085300000, 0x00000000d5e00000)
  object space 58368K, 19% used [0x0000000081a00000,0x00000000825026e8,0x0000000085300000)
 Metaspace       used 34887K, capacity 35262K, committed 35456K, reserved 1081344K
  class space    used 4304K, capacity 4410K, committed 4480K, reserved 1048576K
}
Event: 6.320 GC heap before
{Heap before GC invocations=10 (full 2):
 PSYoungGen      total 239616K, used 12784K [0x00000000d5e00000, 0x00000000e5b00000, 0x0000000100000000)
  eden space 226816K, 0% used [0x00000000d5e00000,0x00000000d5e00000,0x00000000e3b80000)
  from space 12800K, 99% used [0x00000000e4e80000,0x00000000e5afc330,0x00000000e5b00000)
  to   space 14848K, 0% used [0x00000000e3e00000,0x00000000e3e00000,0x00000000e4c80000)
 ParOldGen       total 58368K, used 11273K [0x0000000081a00000, 0x0000000085300000, 0x00000000d5e00000)
  object space 58368K, 19% used [0x0000000081a00000,0x00000000825026e8,0x0000000085300000)
 Metaspace       used 34887K, capacity 35262K, committed 35456K, reserved 1081344K
  class space    used 4304K, capacity 4410K, committed 4480K, reserved 1048576K
Event: 6.427 GC heap after
Heap after GC invocations=10 (full 2):
 PSYoungGen      total 239616K, used 0K [0x00000000d5e00000, 0x00000000e5b00000, 0x0000000100000000)
  eden space 226816K, 0% used [0x00000000d5e00000,0x00000000d5e00000,0x00000000e3b80000)
  from space 12800K, 0% used [0x00000000e4e80000,0x00000000e4e80000,0x00000000e5b00000)
  to   space 14848K, 0% used [0x00000000e3e00000,0x00000000e3e00000,0x00000000e4c80000)
 ParOldGen       total 80896K, used 22608K [0x0000000081a00000, 0x0000000086900000, 0x00000000d5e00000)
  object space 80896K, 27% used [0x0000000081a00000,0x00000000830143f0,0x0000000086900000)
 Metaspace       used 34887K, capacity 35262K, committed 35456K, reserved 1081344K
  class space    used 4304K, capacity 4410K, committed 4480K, reserved 1048576K
}
Event: 11.385 GC heap before
{Heap before GC invocations=11 (full 2):
 PSYoungGen      total 239616K, used 226816K [0x00000000d5e00000, 0x00000000e5b00000, 0x0000000100000000)
  eden space 226816K, 100% used [0x00000000d5e00000,0x00000000e3b80000,0x00000000e3b80000)
  from space 12800K, 0% used [0x00000000e4e80000,0x00000000e4e80000,0x00000000e5b00000)
  to   space 14848K, 0% used [0x00000000e3e00000,0x00000000e3e00000,0x00000000e4c80000)
 ParOldGen       total 80896K, used 22608K [0x0000000081a00000, 0x0000000086900000, 0x00000000d5e00000)
  object space 80896K, 27% used [0x0000000081a00000,0x00000000830143f0,0x0000000086900000)
 Metaspace       used 46650K, capacity 47170K, committed 47616K, reserved 1091584K
  class space    used 5924K, capacity 6028K, committed 6144K, reserved 1048576K
Event: 11.576 GC heap after
Heap after GC invocations=11 (full 2):
 PSYoungGen      total 244224K, used 14830K [0x00000000d5e00000, 0x00000000ebc80000, 0x0000000100000000)
  eden space 229376K, 0% used [0x00000000d5e00000,0x00000000d5e00000,0x00000000e3e00000)
  from space 14848K, 99% used [0x00000000e3e00000,0x00000000e4c7ba08,0x00000000e4c80000)
  to   space 18432K, 0% used [0x00000000eaa80000,0x00000000eaa80000,0x00000000ebc80000)
 ParOldGen       total 80896K, used 26192K [0x0000000081a00000, 0x0000000086900000, 0x00000000d5e00000)
  object space 80896K, 32% used [0x0000000081a00000,0x0000000083394200,0x0000000086900000)
 Metaspace       used 46650K, capacity 47170K, committed 47616K, reserved 1091584K
  class space    used 5924K, capacity 6028K, committed 6144K, reserved 1048576K
}

