# JRE version: Java(TM) SE Runtime Environment (8.0_60-b27) (build 1.8.0_60-b27)
# Java VM: Java HotSpot(TM) 64-Bit Server VM (25.60-b23 mixed mode windows-amd64 compressed oops)
Heap:
 PSYoungGen      total 634880K, used 306473K [0x00000000d5e00000, 0x00000000ff900000, 0x0000000100000000)
  eden space 591872K, 51% used [0x00000000d5e00000,0x00000000e894a418,0x00000000fa000000)
  from space 43008K, 0% used [0x00000000fcf00000,0x00000000fcf00000,0x00000000ff900000)
  to   space 45568K, 0% used [0x00000000fa000000,0x00000000fa000000,0x00000000fcc80000)
 ParOldGen       total 624640K, used 30785K [0x0000000081a00000, 0x00000000a7c00000, 0x00000000d5e00000)
  object space 624640K, 4% used [0x0000000081a00000,0x0000000083810610,0x00000000a7c00000)
 Metaspace       used 58979K, capacity 60236K, committed 60288K, reserved 1101824K
  class space    used 6980K, capacity 7271K, committed 7296K, reserved 1048576K
GC Heap History (10 events):
Event: 5427.380 GC heap before
{Heap before GC invocations=102 (full 8):
 PSYoungGen      total 639488K, used 4433K [0x00000000d5e00000, 0x0000000100000000, 0x0000000100000000)
  eden space 586240K, 0% used [0x00000000d5e00000,0x00000000d5e00000,0x00000000f9a80000)
  from space 53248K, 8% used [0x00000000fcc00000,0x00000000fd0544e0,0x0000000100000000)
  to   space 50688K, 0% used [0x00000000f9a80000,0x00000000f9a80000,0x00000000fcc00000)
 ParOldGen       total 624640K, used 28897K [0x0000000081a00000, 0x00000000a7c00000, 0x00000000d5e00000)
  object space 624640K, 4% used [0x0000000081a00000,0x0000000083638578,0x00000000a7c00000)
 Metaspace       used 55344K, capacity 56402K, committed 56704K, reserved 1099776K
  class space    used 6726K, capacity 6913K, committed 7040K, reserved 1048576K
Event: 5427.579 GC heap after
Heap after GC invocations=102 (full 8):
 PSYoungGen      total 639488K, used 0K [0x00000000d5e00000, 0x0000000100000000, 0x0000000100000000)
  eden space 586240K, 0% used [0x00000000d5e00000,0x00000000d5e00000,0x00000000f9a80000)
  from space 53248K, 0% used [0x00000000fcc00000,0x00000000fcc00000,0x0000000100000000)
  to   space 50688K, 0% used [0x00000000f9a80000,0x00000000f9a80000,0x00000000fcc00000)
 ParOldGen       total 624640K, used 29538K [0x0000000081a00000, 0x00000000a7c00000, 0x00000000d5e00000)
  object space 624640K, 4% used [0x0000000081a00000,0x00000000836d8908,0x00000000a7c00000)
 Metaspace       used 55277K, capacity 56294K, committed 56704K, reserved 1099776K
  class space    used 6716K, capacity 6894K, committed 7040K, reserved 1048576K
}
Event: 5439.395 GC heap before
{Heap before GC invocations=103 (full 8):
 PSYoungGen      total 639488K, used 256043K [0x00000000d5e00000, 0x0000000100000000, 0x0000000100000000)
  eden space 586240K, 43% used [0x00000000d5e00000,0x00000000e580ac58,0x00000000f9a80000)
  from space 53248K, 0% used [0x00000000fcc00000,0x00000000fcc00000,0x0000000100000000)
  to   space 50688K, 0% used [0x00000000f9a80000,0x00000000f9a80000,0x00000000fcc00000)
 ParOldGen       total 624640K, used 29538K [0x0000000081a00000, 0x00000000a7c00000, 0x00000000d5e00000)
  object space 624640K, 4% used [0x0000000081a00000,0x00000000836d8908,0x00000000a7c00000)
 Metaspace       used 56579K, capacity 57614K, committed 57728K, reserved 1099776K
  class space    used 6808K, capacity 7001K, committed 7040K, reserved 1048576K
Event: 5439.401 GC heap after
Heap after GC invocations=103 (full 8):
 PSYoungGen      total 636928K, used 4433K [0x00000000d5e00000, 0x00000000ffe00000, 0x0000000100000000)
  eden space 586240K, 0% used [0x00000000d5e00000,0x00000000d5e00000,0x00000000f9a80000)
  from space 50688K, 8% used [0x00000000f9a80000,0x00000000f9ed44e0,0x00000000fcc00000)
  to   space 48128K, 0% used [0x00000000fcf00000,0x00000000fcf00000,0x00000000ffe00000)
 ParOldGen       total 624640K, used 29546K [0x0000000081a00000, 0x00000000a7c00000, 0x00000000d5e00000)
  object space 624640K, 4% used [0x0000000081a00000,0x00000000836da908,0x00000000a7c00000)
 Metaspace       used 56579K, capacity 57614K, committed 57728K, reserved 1099776K
  class space    used 6808K, capacity 7001K, committed 7040K, reserved 1048576K
}
Event: 5439.401 GC heap before
{Heap before GC invocations=104 (full 9):
 PSYoungGen      total 636928K, used 4433K [0x00000000d5e00000, 0x00000000ffe00000, 0x0000000100000000)
  eden space 586240K, 0% used [0x00000000d5e00000,0x00000000d5e00000,0x00000000f9a80000)
  from space 50688K, 8% used [0x00000000f9a80000,0x00000000f9ed44e0,0x00000000fcc00000)
  to   space 48128K, 0% used [0x00000000fcf00000,0x00000000fcf00000,0x00000000ffe00000)
 ParOldGen       total 624640K, used 29546K [0x0000000081a00000, 0x00000000a7c00000, 0x00000000d5e00000)
  object space 624640K, 4% used [0x0000000081a00000,0x00000000836da908,0x00000000a7c00000)
 Metaspace       used 56579K, capacity 57614K, committed 57728K, reserved 1099776K
  class space    used 6808K, capacity 7001K, committed 7040K, reserved 1048576K
Event: 5439.562 GC heap after
Heap after GC invocations=104 (full 9):
 PSYoungGen      total 636928K, used 0K [0x00000000d5e00000, 0x00000000ffe00000, 0x0000000100000000)
  eden space 586240K, 0% used [0x00000000d5e00000,0x00000000d5e00000,0x00000000f9a80000)
  from space 50688K, 0% used [0x00000000f9a80000,0x00000000f9a80000,0x00000000fcc00000)
  to   space 48128K, 0% used [0x00000000fcf00000,0x00000000fcf00000,0x00000000ffe00000)
 ParOldGen       total 624640K, used 30161K [0x0000000081a00000, 0x00000000a7c00000, 0x00000000d5e00000)
  object space 624640K, 4% used [0x0000000081a00000,0x0000000083774728,0x00000000a7c00000)
 Metaspace       used 56512K, capacity 57506K, committed 57728K, reserved 1099776K
  class space    used 6798K, capacity 6982K, committed 7040K, reserved 1048576K
}
Event: 5465.448 GC heap before
{Heap before GC invocations=105 (full 9):
 PSYoungGen      total 636928K, used 259100K [0x00000000d5e00000, 0x00000000ffe00000, 0x0000000100000000)
  eden space 586240K, 44% used [0x00000000d5e00000,0x00000000e5b070b8,0x00000000f9a80000)
  from space 50688K, 0% used [0x00000000f9a80000,0x00000000f9a80000,0x00000000fcc00000)
  to   space 48128K, 0% used [0x00000000fcf00000,0x00000000fcf00000,0x00000000ffe00000)
 ParOldGen       total 624640K, used 30161K [0x0000000081a00000, 0x00000000a7c00000, 0x00000000d5e00000)
  object space 624640K, 4% used [0x0000000081a00000,0x0000000083774728,0x00000000a7c00000)
 Metaspace       used 57648K, capacity 58736K, committed 58880K, reserved 1101824K
  class space    used 6886K, capacity 7112K, committed 7168K, reserved 1048576K
Event: 5465.453 GC heap after
Heap after GC invocations=105 (full 9):
 PSYoungGen      total 634880K, used 4288K [0x00000000d5e00000, 0x00000000ff900000, 0x0000000100000000)
  eden space 591872K, 0% used [0x00000000d5e00000,0x00000000d5e00000,0x00000000fa000000)
  from space 43008K, 9% used [0x00000000fcf00000,0x00000000fd330118,0x00000000ff900000)
  to   space 45568K, 0% used [0x00000000fa000000,0x00000000fa000000,0x00000000fcc80000)
 ParOldGen       total 624640K, used 30169K [0x0000000081a00000, 0x00000000a7c00000, 0x00000000d5e00000)
  object space 624640K, 4% used [0x0000000081a00000,0x0000000083776728,0x00000000a7c00000)
 Metaspace       used 57648K, capacity 58736K, committed 58880K, reserved 1101824K
  class space    used 6886K, capacity 7112K, committed 7168K, reserved 1048576K
}
Event: 5465.453 GC heap before
{Heap before GC invocations=106 (full 10):
 PSYoungGen      total 634880K, used 4288K [0x00000000d5e00000, 0x00000000ff900000, 0x0000000100000000)
  eden space 591872K, 0% used [0x00000000d5e00000,0x00000000d5e00000,0x00000000fa000000)
  from space 43008K, 9% used [0x00000000fcf00000,0x00000000fd330118,0x00000000ff900000)
  to   space 45568K, 0% used [0x00000000fa000000,0x00000000fa000000,0x00000000fcc80000)
 ParOldGen       total 624640K, used 30169K [0x0000000081a00000, 0x00000000a7c00000, 0x00000000d5e00000)
  object space 624640K, 4% used [0x0000000081a00000,0x0000000083776728,0x00000000a7c00000)
 Metaspace       used 57648K, capacity 58736K, committed 58880K, reserved 1101824K
  class space    used 6886K, capacity 7112K, committed 7168K, reserved 1048576K
Event: 5465.635 GC heap after
Heap after GC invocations=106 (full 10):
 PSYoungGen      total 634880K, used 0K [0x00000000d5e00000, 0x00000000ff900000, 0x0000000100000000)
  eden space 591872K, 0% used [0x00000000d5e00000,0x00000000d5e00000,0x00000000fa000000)
  from space 43008K, 0% used [0x00000000fcf00000,0x00000000fcf00000,0x00000000ff900000)
  to   space 45568K, 0% used [0x00000000fa000000,0x00000000fa000000,0x00000000fcc80000)
 ParOldGen       total 624640K, used 30785K [0x0000000081a00000, 0x00000000a7c00000, 0x00000000d5e00000)
  object space 624640K, 4% used [0x0000000081a00000,0x0000000083810610,0x00000000a7c00000)
 Metaspace       used 57581K, capacity 58628K, committed 58880K, reserved 1101824K
  class space    used 6876K, capacity 7093K, committed 7168K, reserved 1048576K
}

